<?xml version="1.0" encoding="UTF-8"?>
<!-- Generated by org.testng.reporters.JUnitReportReporter -->
<testsuite hostname="DESKTOP-HSCUT9S" failures="0" tests="1" name="testpom.Fblogintest" time="4.158" errors="0" timestamp="2024-06-22T18:20:31 IST" skipped="0">
  <testcase classname="testpom.Fblogintest" name="testlogin" time="4.158"/>
  <system-out/>
</testsuite> <!-- testpom.Fblogintest -->
