<?xml version="1.0" encoding="UTF-8"?>
<!-- Generated by org.testng.reporters.JUnitReportReporter -->
<testsuite hostname="DESKTOP-HSCUT9S" failures="0" tests="1" name="testng.Parameterannotation" time="0.024" errors="0" timestamp="2024-06-20T20:00:16 IST" skipped="0">
  <testcase classname="testng.Parameterannotation" name="main" time="0.024"/>
  <system-out/>
</testsuite> <!-- testng.Parameterannotation -->
