<?xml version="1.0" encoding="UTF-8"?>
<!-- Generated by org.testng.reporters.JUnitReportReporter -->
<testsuite hostname="DESKTOP-HSCUT9S" failures="0" tests="1" name="testng.Amazonassognment" time="10.382" errors="0" timestamp="2024-05-30T08:39:36 IST" skipped="0">
  <testcase classname="testng.Amazonassognment" name="test" time="10.382"/>
  <system-out/>
</testsuite> <!-- testng.Amazonassognment -->
