<?xml version="1.0" encoding="UTF-8"?>
<!-- Generated by org.testng.reporters.JUnitReportReporter -->
<testsuite hostname="DESKTOP-HSCUT9S" failures="0" tests="1" name="testng.Explicitwait" time="11.091" errors="0" timestamp="2024-06-24T01:15:41 IST" skipped="0">
  <testcase classname="testng.Explicitwait" name="test" time="11.091"/>
  <system-out/>
</testsuite> <!-- testng.Explicitwait -->
