<?xml version="1.0" encoding="UTF-8"?>
<!-- Generated by org.testng.reporters.JUnitReportReporter -->
<testsuite hostname="DESKTOP-HSCUT9S" failures="0" tests="1" name="testng.Demo" time="0.082" errors="0" timestamp="2024-05-27T23:46:05 IST" skipped="0">
  <testcase classname="testng.Demo" name="test" time="0.082"/>
  <system-out/>
</testsuite> <!-- testng.Demo -->
