<?xml version="1.0" encoding="UTF-8"?>
<!-- Generated by org.testng.reporters.JUnitReportReporter -->
<testsuite hostname="DESKTOP-HSCUT9S" failures="0" tests="1" name="testng.Guru" time="20.403" errors="0" timestamp="2024-06-20T21:27:37 IST" skipped="0">
  <testcase classname="testng.Guru" name="test" time="20.403"/>
  <system-out/>
</testsuite> <!-- testng.Guru -->
