<?xml version="1.0" encoding="UTF-8"?>
<!-- Generated by org.testng.reporters.JUnitReportReporter -->
<testsuite hostname="DESKTOP-HSCUT9S" failures="0" tests="1" name="testpom.FbtestDD" time="5.376" errors="0" timestamp="2024-06-22T18:24:27 IST" skipped="0">
  <testcase classname="testpom.FbtestDD" name="test" time="5.376"/>
  <system-out/>
</testsuite> <!-- testpom.FbtestDD -->
