<?xml version="1.0" encoding="UTF-8"?>
<!-- Generated by org.testng.reporters.JUnitReportReporter -->
<testsuite hostname="DESKTOP-HSCUT9S" failures="0" tests="1" name="testng.Seleniumwaitimplicit" time="8.680" errors="0" timestamp="2024-06-24T01:05:42 IST" skipped="0">
  <testcase classname="testng.Seleniumwaitimplicit" name="test" time="8.680"/>
  <system-out/>
</testsuite> <!-- testng.Seleniumwaitimplicit -->
