<?xml version="1.0" encoding="UTF-8"?>
<!-- Generated by org.testng.reporters.JUnitReportReporter -->
<testsuite hostname="DESKTOP-HSCUT9S" failures="0" tests="1" name="testng.ScrollDown" time="7.130" errors="0" timestamp="2024-06-24T00:07:05 IST" skipped="0">
  <testcase classname="testng.ScrollDown" name="test" time="7.130"/>
  <system-out/>
</testsuite> <!-- testng.ScrollDown -->
