<?xml version="1.0" encoding="UTF-8"?>
<!-- Generated by org.testng.reporters.JUnitReportReporter -->
<testsuite hostname="DESKTOP-HSCUT9S" failures="0" tests="1" name="testpom.FblogintestPF" time="4.925" errors="0" timestamp="2024-06-02T22:48:50 IST" skipped="0">
  <testcase classname="testpom.FblogintestPF" name="test" time="4.925"/>
  <system-out/>
</testsuite> <!-- testpom.FblogintestPF -->
