<?xml version="1.0" encoding="UTF-8"?>
<!-- Generated by org.testng.reporters.JUnitReportReporter -->
<testsuite hostname="DESKTOP-HSCUT9S" failures="0" tests="1" name="testng.Actionclass" time="5.062" errors="0" timestamp="2024-06-20T20:31:48 IST" skipped="0">
  <testcase classname="testng.Actionclass" name="test" time="5.062"/>
  <system-out/>
</testsuite> <!-- testng.Actionclass -->
