<?xml version="1.0" encoding="UTF-8"?>
<!-- Generated by org.testng.reporters.JUnitReportReporter -->
<testsuite hostname="DESKTOP-HSCUT9S" failures="0" tests="4" name="testng.Testngdemo" time="0.058" errors="0" timestamp="2024-06-20T18:49:33 IST" skipped="0">
  <testcase classname="testng.Testngdemo" name="test2" time="0.014"/>
  <system-out/>
  <testcase classname="testng.Testngdemo" name="test2" time="0.015"/>
  <system-out/>
  <testcase classname="testng.Testngdemo" name="test3" time="0.011"/>
  <system-out/>
  <testcase classname="testng.Testngdemo" name="test1" time="0.018"/>
  <system-out/>
</testsuite> <!-- testng.Testngdemo -->
