<?xml version="1.0" encoding="UTF-8"?>
<!-- Generated by org.testng.reporters.JUnitReportReporter -->
<testsuite hostname="DESKTOP-HSCUT9S" failures="0" tests="1" name="testng.Datadriventest" time="33.415" errors="0" timestamp="2024-06-22T18:21:33 IST" skipped="0">
  <testcase classname="testng.Datadriventest" name="test" time="33.415"/>
  <system-out/>
</testsuite> <!-- testng.Datadriventest -->
