<?xml version="1.0" encoding="UTF-8"?>
<!-- Generated by org.testng.reporters.JUnitReportReporter -->
<testsuite hostname="DESKTOP-HSCUT9S" failures="0" tests="1" name="testng.Draganddropdemoq" time="60.891" errors="0" timestamp="2024-06-20T20:48:59 IST" skipped="0">
  <testcase classname="testng.Draganddropdemoq" name="test" time="60.891"/>
  <system-out/>
</testsuite> <!-- testng.Draganddropdemoq -->
