<?xml version="1.0" encoding="UTF-8"?>
<!-- Generated by org.testng.reporters.JUnitReportReporter -->
<testsuite hostname="DESKTOP-HSCUT9S" failures="0" tests="1" name="testng.Testnggrouping" time="0.014" errors="0" timestamp="2024-06-20T19:45:11 IST" skipped="0">
  <testcase classname="testng.Testnggrouping" name="main2" time="0.014"/>
  <system-out/>
</testsuite> <!-- testng.Testnggrouping -->
